<?xml version="1.0" encoding="UTF-8"?>
<coverage generated="1669047229067" clover="3.2.0">
  <project timestamp="1669047229067" name="All files">
    <metrics statements="30" coveredstatements="8" conditionals="0" coveredconditionals="0" methods="13" coveredmethods="1" elements="43" coveredelements="9" complexity="0" loc="30" ncloc="30" packages="2" files="3" classes="3"/>
    <package name="src">
      <metrics statements="2" coveredstatements="2" conditionals="0" coveredconditionals="0" methods="1" coveredmethods="1"/>
      <file name="utils.js" path="/Users/zhangneng/Job/blog/Demo/react-redux-generator/src/utils.js">
        <metrics statements="2" coveredstatements="2" conditionals="0" coveredconditionals="0" methods="1" coveredmethods="1"/>
        <line num="1" count="1" type="stmt"/>
        <line num="2" count="1" type="stmt"/>
      </file>
    </package>
    <package name="src.containers.home">
      <metrics statements="28" coveredstatements="6" conditionals="0" coveredconditionals="0" methods="12" coveredmethods="0"/>
      <file name="index.js" path="/Users/zhangneng/Job/blog/Demo/react-redux-generator/src/containers/home/index.js">
        <metrics statements="10" coveredstatements="1" conditionals="0" coveredconditionals="0" methods="4" coveredmethods="0"/>
        <line num="9" count="1" type="stmt"/>
        <line num="10" count="0" type="stmt"/>
        <line num="11" count="0" type="stmt"/>
        <line num="13" count="0" type="stmt"/>
        <line num="14" count="0" type="stmt"/>
        <line num="15" count="0" type="stmt"/>
        <line num="18" count="0" type="stmt"/>
        <line num="19" count="0" type="stmt"/>
        <line num="20" count="0" type="stmt"/>
        <line num="23" count="0" type="stmt"/>
      </file>
      <file name="redux.js" path="/Users/zhangneng/Job/blog/Demo/react-redux-generator/src/containers/home/redux.js">
        <metrics statements="18" coveredstatements="5" conditionals="0" coveredconditionals="0" methods="8" coveredmethods="0"/>
        <line num="4" count="1" type="stmt"/>
        <line num="7" count="1" type="stmt"/>
        <line num="8" count="0" type="stmt"/>
        <line num="9" count="0" type="stmt"/>
        <line num="10" count="0" type="stmt"/>
        <line num="11" count="0" type="stmt"/>
        <line num="14" count="0" type="stmt"/>
        <line num="17" count="1" type="stmt"/>
        <line num="25" count="0" type="stmt"/>
        <line num="33" count="0" type="stmt"/>
        <line num="35" count="0" type="stmt"/>
        <line num="38" count="0" type="stmt"/>
        <line num="39" count="0" type="stmt"/>
        <line num="40" count="0" type="stmt"/>
        <line num="44" count="0" type="stmt"/>
        <line num="45" count="0" type="stmt"/>
        <line num="50" count="1" type="stmt"/>
        <line num="52" count="1" type="stmt"/>
      </file>
    </package>
  </project>
</coverage>
