{"/Users/zhangneng/Job/blog/Demo/react-redux-generator/src/utils.js": {"path":"/Users/zhangneng/Job/blog/Demo/react-redux-generator/src/utils.js","statementMap":{"0":{"start":{"line":1,"column":19},"end":{"line":3,"column":1}},"1":{"start":{"line":2,"column":2},"end":{"line":2,"column":15}}},"fnMap":{"0":{"name":"(anonymous_0)","decl":{"start":{"line":1,"column":19},"end":{"line":1,"column":20}},"loc":{"start":{"line":1,"column":35},"end":{"line":3,"column":1}},"line":1}},"branchMap":{},"s":{"0":1,"1":1},"f":{"0":1},"b":{},"_coverageSchema":"1a1c01bbd47fc00a2c39e90264f33305004495a9","hash":"068c128a3e147f78dd5bf1b01494b94f21558989"}
,"/Users/zhangneng/Job/blog/Demo/react-redux-generator/src/containers/home/index.js": {"path":"/Users/zhangneng/Job/blog/Demo/react-redux-generator/src/containers/home/index.js","statementMap":{"0":{"start":{"line":9,"column":13},"end":{"line":34,"column":1}},"1":{"start":{"line":10,"column":25},"end":{"line":10,"column":59}},"2":{"start":{"line":10,"column":48},"end":{"line":10,"column":58}},"3":{"start":{"line":11,"column":19},"end":{"line":11,"column":32}},"4":{"start":{"line":13,"column":19},"end":{"line":16,"column":16}},"5":{"start":{"line":14,"column":4},"end":{"line":14,"column":23}},"6":{"start":{"line":15,"column":4},"end":{"line":15,"column":68}},"7":{"start":{"line":18,"column":24},"end":{"line":21,"column":8}},"8":{"start":{"line":19,"column":4},"end":{"line":19,"column":25}},"9":{"start":{"line":20,"column":4},"end":{"line":20,"column":26}},"10":{"start":{"line":23,"column":2},"end":{"line":33,"column":4}}},"fnMap":{"0":{"name":"(anonymous_0)","decl":{"start":{"line":9,"column":13},"end":{"line":9,"column":14}},"loc":{"start":{"line":9,"column":19},"end":{"line":34,"column":1}},"line":9},"1":{"name":"(anonymous_1)","decl":{"start":{"line":10,"column":37},"end":{"line":10,"column":38}},"loc":{"start":{"line":10,"column":48},"end":{"line":10,"column":58}},"line":10},"2":{"name":"(anonymous_2)","decl":{"start":{"line":13,"column":31},"end":{"line":13,"column":32}},"loc":{"start":{"line":13,"column":37},"end":{"line":16,"column":3}},"line":13},"3":{"name":"(anonymous_3)","decl":{"start":{"line":18,"column":36},"end":{"line":18,"column":37}},"loc":{"start":{"line":18,"column":42},"end":{"line":21,"column":3}},"line":18}},"branchMap":{},"s":{"0":1,"1":0,"2":0,"3":0,"4":0,"5":0,"6":0,"7":0,"8":0,"9":0,"10":0},"f":{"0":0,"1":0,"2":0,"3":0},"b":{},"_coverageSchema":"1a1c01bbd47fc00a2c39e90264f33305004495a9","hash":"d386c96e7278590c98f846d139c0d58bbae710f2"}
,"/Users/zhangneng/Job/blog/Demo/react-redux-generator/src/containers/home/redux.js": {"path":"/Users/zhangneng/Job/blog/Demo/react-redux-generator/src/containers/home/redux.js","statementMap":{"0":{"start":{"line":4,"column":18},"end":{"line":4,"column":24}},"1":{"start":{"line":7,"column":25},"end":{"line":15,"column":2}},"2":{"start":{"line":8,"column":19},"end":{"line":13,"column":4}},"3":{"start":{"line":9,"column":4},"end":{"line":12,"column":13}},"4":{"start":{"line":10,"column":6},"end":{"line":10,"column":32}},"5":{"start":{"line":11,"column":6},"end":{"line":11,"column":56}},"6":{"start":{"line":14,"column":2},"end":{"line":14,"column":18}},"7":{"start":{"line":17,"column":18},"end":{"line":48,"column":2}},"8":{"start":{"line":25,"column":6},"end":{"line":29,"column":8}},"9":{"start":{"line":33,"column":4},"end":{"line":46,"column":9}},"10":{"start":{"line":35,"column":8},"end":{"line":35,"column":33}},"11":{"start":{"line":38,"column":8},"end":{"line":38,"column":35}},"12":{"start":{"line":39,"column":8},"end":{"line":39,"column":41}},"13":{"start":{"line":40,"column":8},"end":{"line":40,"column":41}},"14":{"start":{"line":44,"column":8},"end":{"line":44,"column":32}},"15":{"start":{"line":45,"column":8},"end":{"line":45,"column":44}},"16":{"start":{"line":50,"column":27},"end":{"line":50,"column":44}},"17":{"start":{"line":52,"column":20},"end":{"line":52,"column":29}}},"fnMap":{"0":{"name":"(anonymous_0)","decl":{"start":{"line":7,"column":63},"end":{"line":7,"column":64}},"loc":{"start":{"line":7,"column":75},"end":{"line":15,"column":1}},"line":7},"1":{"name":"(anonymous_1)","decl":{"start":{"line":8,"column":37},"end":{"line":8,"column":38}},"loc":{"start":{"line":8,"column":58},"end":{"line":13,"column":3}},"line":8},"2":{"name":"(anonymous_2)","decl":{"start":{"line":9,"column":15},"end":{"line":9,"column":16}},"loc":{"start":{"line":9,"column":21},"end":{"line":12,"column":5}},"line":9},"3":{"name":"(anonymous_3)","decl":{"start":{"line":24,"column":4},"end":{"line":24,"column":5}},"loc":{"start":{"line":24,"column":27},"end":{"line":30,"column":5}},"line":24},"4":{"name":"(anonymous_4)","decl":{"start":{"line":32,"column":17},"end":{"line":32,"column":18}},"loc":{"start":{"line":32,"column":30},"end":{"line":47,"column":3}},"line":32},"5":{"name":"(anonymous_5)","decl":{"start":{"line":34,"column":34},"end":{"line":34,"column":35}},"loc":{"start":{"line":34,"column":53},"end":{"line":36,"column":7}},"line":34},"6":{"name":"(anonymous_6)","decl":{"start":{"line":37,"column":36},"end":{"line":37,"column":37}},"loc":{"start":{"line":37,"column":55},"end":{"line":41,"column":7}},"line":37},"7":{"name":"(anonymous_7)","decl":{"start":{"line":43,"column":38},"end":{"line":43,"column":39}},"loc":{"start":{"line":43,"column":57},"end":{"line":46,"column":7}},"line":43}},"branchMap":{},"s":{"0":1,"1":1,"2":0,"3":0,"4":0,"5":0,"6":0,"7":1,"8":0,"9":0,"10":0,"11":0,"12":0,"13":0,"14":0,"15":0,"16":1,"17":1},"f":{"0":0,"1":0,"2":0,"3":0,"4":0,"5":0,"6":0,"7":0},"b":{},"_coverageSchema":"1a1c01bbd47fc00a2c39e90264f33305004495a9","hash":"ba9909e87e2daddb60ec4719e1713915bf653e4a"}
}
